<?xml version="1.0" encoding="UTF-8"?>
<!-- Generated by org.testng.reporters.JUnitXMLReporter -->
<testsuite ignored="9" hostname="DESKTOP-AF64I13" failures="0" tests="1" name="Default test" time="7.266" errors="0" timestamp="2024-08-06T17:05:25 ALMT">
  <testcase classname="testcase.HomepageTest" name="logoCheck" time="1.096"/>
  <testcase classname="testcase.HomepageTest" name="FAQ" time="0.0">
    <ignored/>
  </testcase> <!-- FAQ -->
  <testcase classname="testcase.HomepageTest" name="HowItWorks" time="0.0">
    <ignored/>
  </testcase> <!-- HowItWorks -->
  <testcase classname="testcase.HomepageTest" name="docList" time="0.0">
    <ignored/>
  </testcase> <!-- docList -->
  <testcase classname="testcase.HomepageTest" name="Advantages" time="0.0">
    <ignored/>
  </testcase> <!-- Advantages -->
  <testcase classname="testcase.HomepageTest" name="footerText" time="0.0">
    <ignored/>
  </testcase> <!-- footerText -->
  <testcase classname="testcase.HomepageTest" name="loginButtonTest" time="0.0">
    <ignored/>
  </testcase> <!-- loginButtonTest -->
  <testcase classname="testcase.HomepageTest" name="HomepageSmokeTest" time="0.0">
    <ignored/>
  </testcase> <!-- HomepageSmokeTest -->
  <testcase classname="testcase.HomepageTest" name="MenuLinksTest" time="0.0">
    <ignored/>
  </testcase> <!-- MenuLinksTest -->
  <testcase classname="testcase.HomepageTest" name="langSwitcherTest" time="0.0">
    <ignored/>
  </testcase> <!-- langSwitcherTest -->
</testsuite> <!-- Default test -->
