<?xml version="1.0" encoding="UTF-8"?>
<!-- Generated by org.testng.reporters.JUnitXMLReporter -->
<testsuite ignored="0" hostname="DESKTOP-AF64I13" failures="0" tests="4" name="TestAutomationFramework" time="13.761" errors="0" timestamp="2024-08-23T16:08:53 QYZT">
  <testcase classname="testcase.CheckResults" name="test" time="6.225"/>
  <testcase classname="testcase.CheckResults" name="test" time="7.493"/>
  <testcase classname="testcase.CheckResults" name="test2" time="0.003"/>
  <testcase classname="testcase.CheckResults" name="test2" time="0.0"/>
</testsuite> <!-- TestAutomationFramework -->
