<?xml version="1.0" encoding="UTF-8"?>
<!-- Generated by org.testng.reporters.JUnitXMLReporter -->
<testsuite ignored="0" hostname="DESKTOP-AF64I13" failures="1" tests="1" name="Default test(failed)(failed)" time="3.237" errors="0" timestamp="2024-07-25T15:09:21 ALMT">
  <testcase classname="testcase.HomepageTest" name="HomepageSmokeTest" time="0.096">
    <failure type="java.lang.AssertionError" message="expected [Лучшие врачи 
 для вашего здоровья] but found [Лучшие врачи 
 для вашего здоровья]">
      <![CDATA[java.lang.AssertionError: expected [Лучшие врачи 
 для вашего здоровья] but found [Лучшие врачи 
 для вашего здоровья]
at testcase.HomepageTest.HomepageSmokeTest(HomepageTest.java:32)
at java.base/java.util.ArrayList.forEach(ArrayList.java:1596)
... Removed 30 stack frames]]>
    </failure>
  </testcase> <!-- HomepageSmokeTest -->
</testsuite> <!-- Default test(failed)(failed) -->
