<?xml version="1.0" encoding="UTF-8"?>
<testng-results ignored="0" total="0" passed="0" failed="0" skipped="0">
  <reporter-output>
  </reporter-output>
  <suite started-at="2024-06-18T10:46:42 ALMT" name="Surefire suite" finished-at="2024-06-18T10:46:45 ALMT" duration-ms="2976">
    <groups>
    </groups>
    <test started-at="2024-06-18T10:46:42 ALMT" name="Surefire test" finished-at="2024-06-18T10:46:45 ALMT" duration-ms="2976">
      <class name="base.BaseTest">
        <test-method is-config="true" signature="setUp()[pri:0, instance:base.BaseTest@e056f20]" started-at="2024-06-18T10:46:42 ALMT" name="setUp" finished-at="2024-06-18T10:46:45 ALMT" duration-ms="2873" status="PASS">
          <reporter-output>
          </reporter-output>
        </test-method> <!-- setUp -->
        <test-method is-config="true" signature="tearDown()[pri:0, instance:base.BaseTest@e056f20]" started-at="2024-06-18T10:46:45 ALMT" name="tearDown" finished-at="2024-06-18T10:46:45 ALMT" duration-ms="90" status="PASS">
          <reporter-output>
          </reporter-output>
        </test-method> <!-- tearDown -->
      </class> <!-- base.BaseTest -->
    </test> <!-- Surefire test -->
  </suite> <!-- Surefire suite -->
</testng-results>
