<?xml version="1.0" encoding="UTF-8"?>
<testng-results ignored="9" total="10" passed="1" failed="0" skipped="0">
  <reporter-output>
  </reporter-output>
  <suite started-at="2024-08-06T17:05:18 ALMT" name="Default suite" finished-at="2024-08-06T17:05:25 ALMT" duration-ms="7266">
    <groups>
    </groups>
    <test started-at="2024-08-06T17:05:18 ALMT" name="Default test" finished-at="2024-08-06T17:05:25 ALMT" duration-ms="7266">
      <class name="testcase.HomepageTest">
        <test-method is-config="true" signature="setUp()[pri:0, instance:testcase.HomepageTest@c33b74f]" started-at="2024-08-06T17:05:18 ALMT" name="setUp" finished-at="2024-08-06T17:05:24 ALMT" duration-ms="6139" status="PASS">
          <reporter-output>
          </reporter-output>
        </test-method> <!-- setUp -->
        <test-method signature="logoCheck()[pri:0, instance:testcase.HomepageTest@c33b74f]" started-at="2024-08-06T17:05:24 ALMT" name="logoCheck" finished-at="2024-08-06T17:05:25 ALMT" duration-ms="1096" status="PASS">
          <reporter-output>
          </reporter-output>
        </test-method> <!-- logoCheck -->
      </class> <!-- testcase.HomepageTest -->
    </test> <!-- Default test -->
  </suite> <!-- Default suite -->
</testng-results>
