<?xml version="1.0" encoding="UTF-8"?>
<testng-results ignored="0" total="4" passed="4" failed="0" skipped="0">
  <reporter-output>
    <line>
      <![CDATA[Test1]]>
    </line>
    <line>
      <![CDATA[Test1]]>
    </line>
    <line>
      <![CDATA[Test2]]>
    </line>
    <line>
      <![CDATA[Test2]]>
    </line>
  </reporter-output>
  <suite started-at="2024-08-23T16:08:39 QYZT" name="Default Suite" finished-at="2024-08-23T16:08:53 QYZT" duration-ms="13761">
    <groups>
      <group name="testResult">
        <method signature="CheckResults.test(java.lang.String,java.lang.String)[pri:0, instance:testcase.CheckResults@79b06cab]" name="test" class="testcase.CheckResults"/>
        <method signature="CheckResults.test2(java.lang.String,java.lang.String,int)[pri:0, instance:testcase.CheckResults@79b06cab]" name="test2" class="testcase.CheckResults"/>
      </group> <!-- testResult -->
    </groups>
    <test started-at="2024-08-23T16:08:39 QYZT" name="TestAutomationFramework" finished-at="2024-08-23T16:08:53 QYZT" duration-ms="13761">
      <class name="testcase.CheckResults">
        <test-method is-config="true" signature="setUp()[pri:0, instance:testcase.CheckResults@79b06cab]" started-at="2024-08-23T16:08:21 QYZT" name="setUp" finished-at="2024-08-23T16:08:39 QYZT" duration-ms="18448" status="PASS">
          <reporter-output>
          </reporter-output>
        </test-method> <!-- setUp -->
        <test-method signature="test(java.lang.String,java.lang.String)[pri:0, instance:testcase.CheckResults@79b06cab]" started-at="2024-08-23T16:08:39 QYZT" name="test" data-provider="dataSet1" finished-at="2024-08-23T16:08:46 QYZT" duration-ms="6225" status="PASS">
          <params>
            <param index="0">
              <value>
                <![CDATA[1060214371]]>
              </value>
            </param>
            <param index="1">
              <value>
                <![CDATA[503018]]>
              </value>
            </param>
          </params>
          <reporter-output>
            <line>
              <![CDATA[Test1]]>
            </line>
          </reporter-output>
        </test-method> <!-- test -->
        <test-method signature="test(java.lang.String,java.lang.String)[pri:0, instance:testcase.CheckResults@79b06cab]" started-at="2024-08-23T16:08:46 QYZT" name="test" data-provider="dataSet1" finished-at="2024-08-23T16:08:53 QYZT" duration-ms="7493" status="PASS">
          <params>
            <param index="0">
              <value>
                <![CDATA[2400558405]]>
              </value>
            </param>
            <param index="1">
              <value>
                <![CDATA[322335]]>
              </value>
            </param>
          </params>
          <reporter-output>
            <line>
              <![CDATA[Test1]]>
            </line>
          </reporter-output>
        </test-method> <!-- test -->
        <test-method signature="test2(java.lang.String,java.lang.String,int)[pri:0, instance:testcase.CheckResults@79b06cab]" started-at="2024-08-23T16:08:53 QYZT" name="test2" data-provider="dataSet1" finished-at="2024-08-23T16:08:53 QYZT" duration-ms="3" status="PASS">
          <params>
            <param index="0">
              <value>
                <![CDATA[1060214371]]>
              </value>
            </param>
            <param index="1">
              <value>
                <![CDATA[503018]]>
              </value>
            </param>
            <param index="2">
              <value>
                <![CDATA[111]]>
              </value>
            </param>
          </params>
          <reporter-output>
            <line>
              <![CDATA[Test2]]>
            </line>
          </reporter-output>
        </test-method> <!-- test2 -->
        <test-method signature="test2(java.lang.String,java.lang.String,int)[pri:0, instance:testcase.CheckResults@79b06cab]" started-at="2024-08-23T16:08:53 QYZT" name="test2" data-provider="dataSet1" finished-at="2024-08-23T16:08:53 QYZT" duration-ms="0" status="PASS">
          <params>
            <param index="0">
              <value>
                <![CDATA[2400558405]]>
              </value>
            </param>
            <param index="1">
              <value>
                <![CDATA[322335]]>
              </value>
            </param>
            <param index="2">
              <value>
                <![CDATA[222]]>
              </value>
            </param>
          </params>
          <reporter-output>
            <line>
              <![CDATA[Test2]]>
            </line>
          </reporter-output>
        </test-method> <!-- test2 -->
      </class> <!-- testcase.CheckResults -->
    </test> <!-- TestAutomationFramework -->
  </suite> <!-- Default Suite -->
</testng-results>
